Thu May  8 16:08:01 2025 :: Initializing Supernatural Councils
Thu May  8 16:08:01 2025 :: Loading in Clan diplomacy info.
Thu May  8 16:08:01 2025 :: Done Loading ../data/clandata.dat
Thu May  8 16:08:01 2025 :: Reading Area Files...
Thu May  8 16:08:01 2025 :: Fixing Exits......
Thu May  8 16:08:01 2025 :: Done.

Thu May  8 16:08:01 2025 :: Checking Resets...
Thu May  8 16:08:01 2025 :: Done.
Thu May  8 16:08:01 2025 :: Updating Areas....
Thu May  8 16:08:01 2025 :: Loading notes
Thu May  8 16:08:01 2025 :: No note file to read.
Thu May  8 16:08:01 2025 :: Loading corpses.
Thu May  8 16:08:01 2025 :: Loading ../data/corpses.lst

Thu May  8 16:08:01 2025 :: Loading room marks.
Thu May  8 16:08:01 2025 :: Loading ../data/roommarks.lst

Thu May  8 16:08:01 2025 :: Loading banned sites.
Thu May  8 16:08:01 2025 :: Loading ../data/bans.lst

Thu May  8 16:08:01 2025 :: Done Loading ../data/bans.lst
Thu May  8 16:08:01 2025 :: Loading ruler data.
Thu May  8 16:08:01 2025 :: Loading imm brands.
Thu May  8 16:08:01 2025 :: Loading System Data.
Thu May  8 16:08:01 2025 :: ACK! MUD is ready on port 8891.
Thu May  8 16:08:01 2025 :: IMC: Loading IMC2 command table...
Thu May  8 16:08:01 2025 :: IMC: Loading IMC2 network data...
Thu May  8 16:08:01 2025 :: IMC: Loading IMC2 help file...
Thu May  8 16:08:01 2025 :: IMC: Loading IMC2 color table...
Thu May  8 16:08:01 2025 :: IMC: Loading IMC2 who template...
Thu May  8 16:08:01 2025 :: IMC: imcfread_word: EOF encountered on read.
Thu May  8 16:08:01 2025 :: IMC: IMC2 network data loaded. Autoconnect not set. IMC2 will need to be connected manually.
Used 0 user CPU seconds.
Thu May  8 16:08:13 2025 :: Sock.sinaddr:  192.168.0.226 (63193)
Thu May  8 16:08:35 2025 :: Virant@192.168.0.226 new player.
Thu May  8 16:08:42 2025 :: Log Virant: prompt
Thu May  8 16:08:43 2025 :: Log Virant: prompt all
Thu May  8 16:08:58 2025 :: Log Virant: prompt all
Thu May  8 16:09:01 2025 :: [*****] BUG: load_quest_object : Invalid object vnum 18182.
Thu May  8 16:09:05 2025 :: EOF encountered on read.
Thu May  8 16:09:05 2025 :: Closing link to Virant.
Thu May  8 16:40:12 2025 :: Virant quits ACK!
